<?xml version="1.0" encoding="UTF-8"?>
<!-- Generated by org.testng.reporters.JUnitReportReporter -->
<testsuite skipped="2" hostname="LAPTOP-B2E4UK46" name="org.testng.InnvocationAndIgnore" tests="7" failures="0" timestamp="26 Oct 2022 08:58:03 GMT" time="0.043" errors="0">
  <testcase name="tc5" time="0.025" classname="org.testng.InnvocationAndIgnore"/>
  <testcase name="tc5" time="0.009" classname="org.testng.InnvocationAndIgnore"/>
  <testcase name="tc5" time="0.005" classname="org.testng.InnvocationAndIgnore"/>
  <testcase name="tc4" time="0.002" classname="org.testng.InnvocationAndIgnore"/>
  <testcase name="tc1" time="0.002" classname="org.testng.InnvocationAndIgnore"/>
  <testcase name="tc3" classname="org.testng.InnvocationAndIgnore">
    <skipped/>
  </testcase> <!-- tc3 -->
  <testcase name="tc2" classname="org.testng.InnvocationAndIgnore">
    <skipped/>
  </testcase> <!-- tc2 -->
</testsuite> <!-- org.testng.InnvocationAndIgnore -->
