<?xml version="1.0" encoding="UTF-8"?>
<!-- Generated by org.testng.reporters.JUnitReportReporter -->
<testsuite skipped="0" hostname="LAPTOP-B2E4UK46" name="org.testng.Test3" tests="3" failures="0" timestamp="27 Oct 2022 12:48:20 GMT" time="0.000" errors="0">
  <testcase name="tc2000" time="0.000" classname="org.testng.Test3"/>
  <testcase name="tc1000" time="0.000" classname="org.testng.Test3"/>
  <testcase name="tc3000" time="0.000" classname="org.testng.Test3"/>
</testsuite> <!-- org.testng.Test3 -->
