<?xml version="1.0" encoding="UTF-8"?>
<!-- Generated by org.testng.reporters.JUnitReportReporter -->
<testsuite skipped="0" hostname="LAPTOP-B2E4UK46" name="org.group.Test2" tests="1" failures="0" timestamp="27 Oct 2022 14:27:09 GMT" time="0.000" errors="0">
  <testcase name="tc200" time="0.000" classname="org.group.Test2"/>
</testsuite> <!-- org.group.Test2 -->
