<?xml version="1.0" encoding="UTF-8"?>
<!-- Generated by org.testng.reporters.JUnitReportReporter -->
<testsuite skipped="0" hostname="LAPTOP-B2E4UK46" name="org.testng.Parallel1" tests="2" failures="0" timestamp="28 Oct 2022 16:18:26 GMT" time="26.943" errors="0">
  <testcase name="tc1" time="13.963" classname="org.testng.Parallel1"/>
  <testcase name="tc1" time="12.980" classname="org.testng.Parallel1"/>
</testsuite> <!-- org.testng.Parallel1 -->
