<?xml version="1.0" encoding="UTF-8"?>
<!-- Generated by org.testng.reporters.JUnitReportReporter -->
<testsuite skipped="0" hostname="LAPTOP-B2E4UK46" name="org.testng.DataProvoideFrameIntegr" tests="3" failures="0" timestamp="28 Oct 2022 15:48:45 GMT" time="47.790" errors="0">
  <testcase name="singUp" time="10.627" classname="org.testng.DataProvoideFrameIntegr"/>
  <testcase name="singUp" time="21.388" classname="org.testng.DataProvoideFrameIntegr"/>
  <testcase name="singUp" time="15.775" classname="org.testng.DataProvoideFrameIntegr"/>
</testsuite> <!-- org.testng.DataProvoideFrameIntegr -->
