<?xml version="1.0" encoding="UTF-8"?>
<!-- Generated by org.testng.reporters.JUnitReportReporter -->
<testsuite skipped="0" hostname="LAPTOP-B2E4UK46" name="org.testng.Prio" tests="5" failures="0" timestamp="26 Oct 2022 08:52:58 GMT" time="0.033" errors="0">
  <testcase name="tc5" time="0.024" classname="org.testng.Prio"/>
  <testcase name="tc3" time="0.003" classname="org.testng.Prio"/>
  <testcase name="tc2" time="0.003" classname="org.testng.Prio"/>
  <testcase name="tc4" time="0.002" classname="org.testng.Prio"/>
  <testcase name="tc1" time="0.001" classname="org.testng.Prio"/>
</testsuite> <!-- org.testng.Prio -->
