<?xml version="1.0" encoding="UTF-8"?>
<!-- Generated by org.testng.reporters.JUnitReportReporter -->
<testsuite skipped="0" hostname="LAPTOP-B2E4UK46" name="org.testng.DataProvide" tests="3" failures="0" timestamp="28 Oct 2022 05:27:21 GMT" time="0.086" errors="0">
  <testcase name="singUp" time="0.031" classname="org.testng.DataProvide"/>
  <testcase name="singUp" time="0.039" classname="org.testng.DataProvide"/>
  <testcase name="singUp" time="0.016" classname="org.testng.DataProvide"/>
</testsuite> <!-- org.testng.DataProvide -->
