<?xml version="1.0" encoding="UTF-8"?>
<!-- Generated by org.testng.reporters.JUnitReportReporter -->
<testsuite skipped="0" hostname="LAPTOP-B2E4UK46" name="org.testng.Test2" tests="3" failures="0" timestamp="27 Oct 2022 05:55:30 GMT" time="0.015" errors="0">
  <testcase name="tc200" time="0.000" classname="org.testng.Test2"/>
  <testcase name="tc100" time="0.000" classname="org.testng.Test2"/>
  <testcase name="tc300" time="0.015" classname="org.testng.Test2"/>
</testsuite> <!-- org.testng.Test2 -->
