<?xml version="1.0" encoding="UTF-8"?>
<!-- Generated by org.testng.reporters.JUnitReportReporter -->
<testsuite skipped="0" hostname="LAPTOP-B2E4UK46" name="org.testng.Test1" tests="3" failures="0" timestamp="04 Nov 2022 09:07:49 GMT" time="0.032" errors="0">
  <testcase name="tc1" time="0.027" classname="org.testng.Test1"/>
  <testcase name="tc2" time="0.003" classname="org.testng.Test1"/>
  <testcase name="tc3" time="0.002" classname="org.testng.Test1"/>
</testsuite> <!-- org.testng.Test1 -->
