<?xml version="1.0" encoding="UTF-8"?>
<!-- Generated by org.testng.reporters.JUnitReportReporter -->
<testsuite skipped="0" hostname="LAPTOP-B2E4UK46" name="org.testng.Deme" tests="3" failures="0" timestamp="26 Oct 2022 08:44:49 GMT" time="0.072" errors="0">
  <testcase name="tc2" time="0.028" classname="org.testng.Deme"/>
  <testcase name="tc3" time="0.018" classname="org.testng.Deme"/>
  <testcase name="tc1" time="0.026" classname="org.testng.Deme"/>
</testsuite> <!-- org.testng.Deme -->
